app/build/intermediates/manifest_merge_blame_file/debug/processDebugMainManifest/manifest-merger-blame-debug-report.txt
1<?xml version="1.0" encoding="utf-8"?>
2<manifest xmlns:android="http://schemas.android.com/apk/res/android"
3    package="com.example.prueva2_mapa"
4    android:versionCode="1"
5    android:versionName="1.0" >
6
7    <uses-sdk
8        android:minSdkVersion="33"
9        android:targetSdkVersion="34" />
10
11    <uses-permission android:name="android.permission.ACCESS_FINE_LOCATION" />
11-->src\main\AndroidManifest.xml:5:5-79
11-->src\main\AndroidManifest.xml:5:22-76
12    <uses-permission android:name="android.permission.ACCESS_COARSE_LOCATION" />
12-->src\main\AndroidManifest.xml:6:5-81
12-->src\main\AndroidManifest.xml:6:22-78
13    <uses-permission android:name="android.permission.INTERNET" />
13-->src\main\AndroidManifest.xml:7:5-66
13-->src\main\AndroidManifest.xml:7:22-64
14
15    <!-- Include required permissions for Google Maps API to run. -->
16    <uses-permission android:name="android.permission.ACCESS_NETWORK_STATE" />
16-->[com.google.android.gms:play-services-maps:18.0.2] AndroidManifest.xml:23:5-79
16-->[com.google.android.gms:play-services-maps:18.0.2] AndroidManifest.xml:23:22-76
17
18    <uses-feature
18-->[com.google.android.gms:play-services-maps:18.0.2] AndroidManifest.xml:26:5-28:35
19        android:glEsVersion="0x00020000"
19-->[com.google.android.gms:play-services-maps:18.0.2] AndroidManifest.xml:27:9-41
20        android:required="true" />
20-->[com.google.android.gms:play-services-maps:18.0.2] AndroidManifest.xml:28:9-32
21
22    <queries>
22-->[com.google.android.gms:play-services-maps:18.0.2] AndroidManifest.xml:30:5-34:15
23
24        <!-- Needs to be explicitly declared on Android R+ -->
25        <package android:name="com.google.android.apps.maps" />
25-->[com.google.android.gms:play-services-maps:18.0.2] AndroidManifest.xml:33:9-64
25-->[com.google.android.gms:play-services-maps:18.0.2] AndroidManifest.xml:33:18-61
26    </queries>
27
28    <permission
28-->[androidx.core:core:1.13.0] AndroidManifest.xml:22:5-24:47
29        android:name="com.example.prueva2_mapa.DYNAMIC_RECEIVER_NOT_EXPORTED_PERMISSION"
29-->[androidx.core:core:1.13.0] AndroidManifest.xml:23:9-81
30        android:protectionLevel="signature" />
30-->[androidx.core:core:1.13.0] AndroidManifest.xml:24:9-44
31
32    <uses-permission android:name="com.example.prueva2_mapa.DYNAMIC_RECEIVER_NOT_EXPORTED_PERMISSION" />
32-->[androidx.core:core:1.13.0] AndroidManifest.xml:26:5-97
32-->[androidx.core:core:1.13.0] AndroidManifest.xml:26:22-94
33
34    <application
34-->src\main\AndroidManifest.xml:9:5-36:19
35        android:allowBackup="true"
35-->src\main\AndroidManifest.xml:10:9-35
36        android:appComponentFactory="androidx.core.app.CoreComponentFactory"
36-->[androidx.core:core:1.13.0] AndroidManifest.xml:28:18-86
37        android:dataExtractionRules="@xml/data_extraction_rules"
37-->src\main\AndroidManifest.xml:11:9-65
38        android:debuggable="true"
39        android:extractNativeLibs="false"
40        android:fullBackupContent="@xml/backup_rules"
40-->src\main\AndroidManifest.xml:12:9-54
41        android:icon="@mipmap/ic_launcher"
41-->src\main\AndroidManifest.xml:13:9-43
42        android:label="@string/google_maps_api_key"
42-->src\main\AndroidManifest.xml:14:9-52
43        android:roundIcon="@mipmap/ic_launcher_round"
43-->src\main\AndroidManifest.xml:15:9-54
44        android:supportsRtl="true"
44-->src\main\AndroidManifest.xml:16:9-35
45        android:testOnly="true"
46        android:theme="@style/Theme.Prueva2_mapa" >
46-->src\main\AndroidManifest.xml:17:9-50
47        <meta-data
47-->src\main\AndroidManifest.xml:20:9-22:59
48            android:name="com.google.android.geo.API_KEY"
48-->src\main\AndroidManifest.xml:21:13-58
49            android:value="@string/google_maps_api_key" />
49-->src\main\AndroidManifest.xml:22:13-56
50
51        <activity
51-->src\main\AndroidManifest.xml:23:9-31:20
52            android:name="com.example.prueva2_mapa.MapsActivity"
52-->src\main\AndroidManifest.xml:24:13-41
53            android:exported="true" >
53-->src\main\AndroidManifest.xml:25:13-36
54            <intent-filter>
54-->src\main\AndroidManifest.xml:26:13-30:29
55                <action android:name="android.intent.action.MAIN" />
55-->src\main\AndroidManifest.xml:27:17-69
55-->src\main\AndroidManifest.xml:27:25-66
56
57                <category android:name="android.intent.category.LAUNCHER" />
57-->src\main\AndroidManifest.xml:29:17-77
57-->src\main\AndroidManifest.xml:29:27-74
58            </intent-filter>
59        </activity>
60        <activity android:name="com.example.prueva2_mapa.Ubicacion" />
60-->src\main\AndroidManifest.xml:33:9-47
60-->src\main\AndroidManifest.xml:33:19-44
61
62        <!-- Needs to be explicitly declared on P+ -->
63        <uses-library
63-->[com.google.android.gms:play-services-maps:18.0.2] AndroidManifest.xml:39:9-41:40
64            android:name="org.apache.http.legacy"
64-->[com.google.android.gms:play-services-maps:18.0.2] AndroidManifest.xml:40:13-50
65            android:required="false" />
65-->[com.google.android.gms:play-services-maps:18.0.2] AndroidManifest.xml:41:13-37
66
67        <activity
67-->[com.google.android.gms:play-services-base:18.0.1] AndroidManifest.xml:20:9-22:45
68            android:name="com.google.android.gms.common.api.GoogleApiActivity"
68-->[com.google.android.gms:play-services-base:18.0.1] AndroidManifest.xml:20:19-85
69            android:exported="false"
69-->[com.google.android.gms:play-services-base:18.0.1] AndroidManifest.xml:22:19-43
70            android:theme="@android:style/Theme.Translucent.NoTitleBar" />
70-->[com.google.android.gms:play-services-base:18.0.1] AndroidManifest.xml:21:19-78
71
72        <meta-data
72-->[com.google.android.gms:play-services-basement:18.0.0] AndroidManifest.xml:21:9-23:69
73            android:name="com.google.android.gms.version"
73-->[com.google.android.gms:play-services-basement:18.0.0] AndroidManifest.xml:22:13-58
74            android:value="@integer/google_play_services_version" />
74-->[com.google.android.gms:play-services-basement:18.0.0] AndroidManifest.xml:23:13-66
75
76        <provider
76-->[androidx.emoji2:emoji2:1.3.0] AndroidManifest.xml:24:9-32:20
77            android:name="androidx.startup.InitializationProvider"
77-->[androidx.emoji2:emoji2:1.3.0] AndroidManifest.xml:25:13-67
78            android:authorities="com.example.prueva2_mapa.androidx-startup"
78-->[androidx.emoji2:emoji2:1.3.0] AndroidManifest.xml:26:13-68
79            android:exported="false" >
79-->[androidx.emoji2:emoji2:1.3.0] AndroidManifest.xml:27:13-37
80            <meta-data
80-->[androidx.emoji2:emoji2:1.3.0] AndroidManifest.xml:29:13-31:52
81                android:name="androidx.emoji2.text.EmojiCompatInitializer"
81-->[androidx.emoji2:emoji2:1.3.0] AndroidManifest.xml:30:17-75
82                android:value="androidx.startup" />
82-->[androidx.emoji2:emoji2:1.3.0] AndroidManifest.xml:31:17-49
83            <meta-data
83-->[androidx.lifecycle:lifecycle-process:2.6.2] AndroidManifest.xml:29:13-31:52
84                android:name="androidx.lifecycle.ProcessLifecycleInitializer"
84-->[androidx.lifecycle:lifecycle-process:2.6.2] AndroidManifest.xml:30:17-78
85                android:value="androidx.startup" />
85-->[androidx.lifecycle:lifecycle-process:2.6.2] AndroidManifest.xml:31:17-49
86            <meta-data
86-->[androidx.profileinstaller:profileinstaller:1.4.0] AndroidManifest.xml:29:13-31:52
87                android:name="androidx.profileinstaller.ProfileInstallerInitializer"
87-->[androidx.profileinstaller:profileinstaller:1.4.0] AndroidManifest.xml:30:17-85
88                android:value="androidx.startup" />
88-->[androidx.profileinstaller:profileinstaller:1.4.0] AndroidManifest.xml:31:17-49
89        </provider>
90
91        <receiver
91-->[androidx.profileinstaller:profileinstaller:1.4.0] AndroidManifest.xml:34:9-52:20
92            android:name="androidx.profileinstaller.ProfileInstallReceiver"
92-->[androidx.profileinstaller:profileinstaller:1.4.0] AndroidManifest.xml:35:13-76
93            android:directBootAware="false"
93-->[androidx.profileinstaller:profileinstaller:1.4.0] AndroidManifest.xml:36:13-44
94            android:enabled="true"
94-->[androidx.profileinstaller:profileinstaller:1.4.0] AndroidManifest.xml:37:13-35
95            android:exported="true"
95-->[androidx.profileinstaller:profileinstaller:1.4.0] AndroidManifest.xml:38:13-36
96            android:permission="android.permission.DUMP" >
96-->[androidx.profileinstaller:profileinstaller:1.4.0] AndroidManifest.xml:39:13-57
97            <intent-filter>
97-->[androidx.profileinstaller:profileinstaller:1.4.0] AndroidManifest.xml:40:13-42:29
98                <action android:name="androidx.profileinstaller.action.INSTALL_PROFILE" />
98-->[androidx.profileinstaller:profileinstaller:1.4.0] AndroidManifest.xml:41:17-91
98-->[androidx.profileinstaller:profileinstaller:1.4.0] AndroidManifest.xml:41:25-88
99            </intent-filter>
100            <intent-filter>
100-->[androidx.profileinstaller:profileinstaller:1.4.0] AndroidManifest.xml:43:13-45:29
101                <action android:name="androidx.profileinstaller.action.SKIP_FILE" />
101-->[androidx.profileinstaller:profileinstaller:1.4.0] AndroidManifest.xml:44:17-85
101-->[androidx.profileinstaller:profileinstaller:1.4.0] AndroidManifest.xml:44:25-82
102            </intent-filter>
103            <intent-filter>
103-->[androidx.profileinstaller:profileinstaller:1.4.0] AndroidManifest.xml:46:13-48:29
104                <action android:name="androidx.profileinstaller.action.SAVE_PROFILE" />
104-->[androidx.profileinstaller:profileinstaller:1.4.0] AndroidManifest.xml:47:17-88
104-->[androidx.profileinstaller:profileinstaller:1.4.0] AndroidManifest.xml:47:25-85
105            </intent-filter>
106            <intent-filter>
106-->[androidx.profileinstaller:profileinstaller:1.4.0] AndroidManifest.xml:49:13-51:29
107                <action android:name="androidx.profileinstaller.action.BENCHMARK_OPERATION" />
107-->[androidx.profileinstaller:profileinstaller:1.4.0] AndroidManifest.xml:50:17-95
107-->[androidx.profileinstaller:profileinstaller:1.4.0] AndroidManifest.xml:50:25-92
108            </intent-filter>
109        </receiver>
110    </application>
111
112</manifest>